<?xml version="1.0" encoding="utf-8"?><testsuites name="pytest tests"><testsuite name="pytest" errors="0" failures="0" skipped="0" tests="28" time="4.031" timestamp="2026-05-31T07:46:17.634088+00:00" hostname="agent-env-1878b603-3cc6-48b2-8f76-f505cdfe8a16"><testcase classname="backend.tests.backend_test.TestHealth" name="test_health_ok" time="0.245" /><testcase classname="backend.tests.backend_test.TestKeys" name="test_put_key_encrypted" time="0.048" /><testcase classname="backend.tests.backend_test.TestKeys" name="test_list_keys_masked" time="0.045" /><testcase classname="backend.tests.backend_test.TestKeys" name="test_delete_key" time="0.089" /><testcase classname="backend.tests.backend_test.TestVault" name="test_put_vault" time="0.050" /><testcase classname="backend.tests.backend_test.TestVault" name="test_list_vault_no_values" time="0.046" /><testcase classname="backend.tests.backend_test.TestVault" name="test_reveal_returns_decrypted" time="0.047" /><testcase classname="backend.tests.backend_test.TestVault" name="test_delete_vault" time="0.047" /><testcase classname="backend.tests.backend_test.TestInventory" name="test_inventory_curated_present" time="0.051" /><testcase classname="backend.tests.backend_test.TestSessions" name="test_create_session" time="0.047" /><testcase classname="backend.tests.backend_test.TestSessions" name="test_get_session" time="0.047" /><testcase classname="backend.tests.backend_test.TestSessions" name="test_patch_session" time="0.088" /><testcase classname="backend.tests.backend_test.TestSessions" name="test_delete_session" time="0.110" /><testcase classname="backend.tests.backend_test.TestDrafts" name="test_create_draft" time="0.045" /><testcase classname="backend.tests.backend_test.TestDrafts" name="test_patch_draft" time="0.092" /><testcase classname="backend.tests.backend_test.TestDrafts" name="test_delete_draft" time="0.048" /><testcase classname="backend.tests.backend_test.TestChat" name="test_chat_single" time="0.707" /><testcase classname="backend.tests.backend_test.TestChat" name="test_chat_fanout" time="0.500" /><testcase classname="backend.tests.backend_test.TestChat" name="test_chat_daisychain" time="0.737" /><testcase classname="backend.tests.backend_test.TestChat" name="test_chat_fanout_invalid_model_surfaces_error" time="0.074" /><testcase classname="backend.tests.backend_test.TestChat" name="test_chat_synthesize" time="0.372" /><testcase classname="backend.tests.backend_test.TestInspector" name="test_heartbeat" time="0.050" /><testcase classname="backend.tests.backend_test.TestInspector" name="test_snapshot" time="0.045" /><testcase classname="backend.tests.backend_test.TestAgents" name="test_list_seeded" time="0.046" /><testcase classname="backend.tests.backend_test.TestAgents" name="test_create_agent" time="0.131" /><testcase classname="backend.tests.backend_test.TestAgents" name="test_manifest" time="0.045" /><testcase classname="backend.tests.backend_test.TestAgents" name="test_delete_agent" time="0.043" /><testcase classname="backend.tests.backend_test.TestUsage" name="test_usage_records" time="0.059" /></testsuite></testsuites>