<?xml version="1.0" encoding="utf-8"?><testsuites name="pytest tests"><testsuite name="pytest" errors="0" failures="0" skipped="0" tests="17" time="2.268" timestamp="2026-06-10T04:49:49.334495+00:00" hostname="agent-env-1878b603-3cc6-48b2-8f76-f505cdfe8a16"><testcase classname="tests.test_zfae_three_core_sentinels" name="test_three_core_weight_bank_total_count" time="0.027" /><testcase classname="tests.test_zfae_three_core_sentinels" name="test_three_core_combined_digest_changes_on_any_core_update" time="0.026" /><testcase classname="tests.test_zfae_three_core_sentinels" name="test_trainer_round_robin_across_cores" time="0.052" /><testcase classname="tests.test_zfae_three_core_sentinels" name="test_sentinel_eval_cliff_fires_on_unsafe_marker" time="0.001" /><testcase classname="tests.test_zfae_three_core_sentinels" name="test_sentinel_eval_no_flag_on_benign" time="0.000" /><testcase classname="tests.test_zfae_three_core_sentinels" name="test_native_refusal_requires_all_seeds_touched" time="0.029" /><testcase classname="tests.test_zfae_three_core_sentinels" name="test_fiq_emit_chain" time="0.001" /><testcase classname="tests.test_zfae_three_core_sentinels" name="test_pending_override_lifecycle" time="0.001" /><testcase classname="tests.test_zfae_api_sentinels.TestT1WeightBank" name="test_three_core_counts_and_finite_loss" time="0.305" /><testcase classname="tests.test_zfae_api_sentinels.TestT2SentinelCanon" name="test_canon_thirteen_with_S4_S12_cliffs" time="0.049" /><testcase classname="tests.test_zfae_api_sentinels.TestT3GonalRegistry" name="test_default_and_mirror_registries" time="0.047" /><testcase classname="tests.test_zfae_api_sentinels.TestT4HaltAndOverride" name="test_full_lifecycle" time="0.433" /><testcase classname="tests.test_zfae_api_sentinels.TestT5BenignNoHalt" name="test_hello_world" time="0.063" /><testcase classname="tests.test_zfae_api_sentinels.TestT6RejectRehalts" name="test_reject_then_resume_rehalts" time="0.180" /><testcase classname="tests.test_zfae_api_sentinels.TestT7FiqChain" name="test_chain_integrity" time="0.491" /><testcase classname="tests.test_zfae_api_sentinels.TestT8PerAgentSentinelModes" name="test_get_modes_and_weights" time="0.094" /><testcase classname="tests.test_zfae_api_sentinels.TestT8PerAgentSentinelModes" name="test_patch_s4_observe_no_longer_halts_on_S4" time="0.208" /></testsuite></testsuites>